<?xml version="1.0" encoding="UTF-8"?>
<coverage generated="1615391520692" clover="3.2.0">
  <project timestamp="1615391520692" name="All files">
    <metrics statements="91" coveredstatements="91" conditionals="10" coveredconditionals="10" methods="27" coveredmethods="27" elements="128" coveredelements="128" complexity="0" loc="91" ncloc="91" packages="10" files="13" classes="13"/>
    <package name="data.usecases.add-comment">
      <metrics statements="5" coveredstatements="5" conditionals="0" coveredconditionals="0" methods="2" coveredmethods="2"/>
      <file name="db-add-comment.js" path="/home/scaglioni/repos/personal/blog/comments-api/src/data/usecases/add-comment/db-add-comment.js">
        <metrics statements="5" coveredstatements="5" conditionals="0" coveredconditionals="0" methods="2" coveredmethods="2"/>
        <line num="1" count="4" type="stmt"/>
        <line num="5" count="6" type="stmt"/>
        <line num="6" count="6" type="stmt"/>
        <line num="10" count="4" type="stmt"/>
        <line num="15" count="4" type="stmt"/>
      </file>
    </package>
    <package name="domain.models">
      <metrics statements="3" coveredstatements="3" conditionals="0" coveredconditionals="0" methods="1" coveredmethods="1"/>
      <file name="comment-model.js" path="/home/scaglioni/repos/personal/blog/comments-api/src/domain/models/comment-model.js">
        <metrics statements="3" coveredstatements="3" conditionals="0" coveredconditionals="0" methods="1" coveredmethods="1"/>
        <line num="3" count="2" type="stmt"/>
        <line num="4" count="2" type="stmt"/>
        <line num="8" count="4" type="stmt"/>
      </file>
    </package>
    <package name="infra.db.filedb.comments">
      <metrics statements="13" coveredstatements="13" conditionals="2" coveredconditionals="2" methods="3" coveredmethods="3"/>
      <file name="comments-repository.js" path="/home/scaglioni/repos/personal/blog/comments-api/src/infra/db/filedb/comments/comments-repository.js">
        <metrics statements="13" coveredstatements="13" conditionals="2" coveredconditionals="2" methods="3" coveredmethods="3"/>
        <line num="1" count="4" type="stmt"/>
        <line num="2" count="4" type="stmt"/>
        <line num="3" count="4" type="stmt"/>
        <line num="7" count="5" type="stmt"/>
        <line num="11" count="1" type="stmt"/>
        <line num="15" count="2" type="stmt"/>
        <line num="16" count="2" type="stmt"/>
        <line num="20" count="2" type="cond" truecount="2" falsecount="0"/>
        <line num="21" count="2" type="stmt"/>
        <line num="22" count="2" type="stmt"/>
        <line num="23" count="2" type="stmt"/>
        <line num="24" count="2" type="stmt"/>
        <line num="28" count="4" type="stmt"/>
      </file>
    </package>
    <package name="infra.db.filedb.log">
      <metrics statements="7" coveredstatements="7" conditionals="0" coveredconditionals="0" methods="3" coveredmethods="3"/>
      <file name="logs-repository.js" path="/home/scaglioni/repos/personal/blog/comments-api/src/infra/db/filedb/log/logs-repository.js">
        <metrics statements="7" coveredstatements="7" conditionals="0" coveredconditionals="0" methods="3" coveredmethods="3"/>
        <line num="1" count="1" type="stmt"/>
        <line num="5" count="2" type="stmt"/>
        <line num="9" count="1" type="stmt"/>
        <line num="13" count="1" type="stmt"/>
        <line num="14" count="1" type="stmt"/>
        <line num="18" count="1" type="stmt"/>
        <line num="22" count="1" type="stmt"/>
      </file>
    </package>
    <package name="infra.db.strategies">
      <metrics statements="6" coveredstatements="6" conditionals="0" coveredconditionals="0" methods="3" coveredmethods="3"/>
      <file name="context-strategy.js" path="/home/scaglioni/repos/personal/blog/comments-api/src/infra/db/strategies/context-strategy.js">
        <metrics statements="6" coveredstatements="6" conditionals="0" coveredconditionals="0" methods="3" coveredmethods="3"/>
        <line num="1" count="4" type="stmt"/>
        <line num="5" count="8" type="stmt"/>
        <line num="6" count="8" type="stmt"/>
        <line num="10" count="4" type="stmt"/>
        <line num="14" count="2" type="stmt"/>
        <line num="18" count="4" type="stmt"/>
      </file>
    </package>
    <package name="infra.db.strategies.file">
      <metrics statements="11" coveredstatements="11" conditionals="0" coveredconditionals="0" methods="5" coveredmethods="5"/>
      <file name="file-strategy.js" path="/home/scaglioni/repos/personal/blog/comments-api/src/infra/db/strategies/file/file-strategy.js">
        <metrics statements="11" coveredstatements="11" conditionals="0" coveredconditionals="0" methods="5" coveredmethods="5"/>
        <line num="1" count="6" type="stmt"/>
        <line num="2" count="6" type="stmt"/>
        <line num="3" count="6" type="stmt"/>
        <line num="7" count="11" type="stmt"/>
        <line num="8" count="11" type="stmt"/>
        <line num="12" count="4" type="stmt"/>
        <line num="15" count="4" type="stmt"/>
        <line num="19" count="4" type="stmt"/>
        <line num="26" count="1" type="stmt"/>
        <line num="30" count="1" type="stmt"/>
        <line num="34" count="6" type="stmt"/>
      </file>
    </package>
    <package name="presentation.controllers.add-comment">
      <metrics statements="19" coveredstatements="19" conditionals="6" coveredconditionals="6" methods="2" coveredmethods="2"/>
      <file name="add-comment-controller.js" path="/home/scaglioni/repos/personal/blog/comments-api/src/presentation/controllers/add-comment/add-comment-controller.js">
        <metrics statements="19" coveredstatements="19" conditionals="6" coveredconditionals="6" methods="2" coveredmethods="2"/>
        <line num="1" count="4" type="stmt"/>
        <line num="2" count="4" type="stmt"/>
        <line num="3" count="4" type="stmt"/>
        <line num="7" count="11" type="stmt"/>
        <line num="8" count="11" type="stmt"/>
        <line num="9" count="11" type="stmt"/>
        <line num="13" count="10" type="stmt"/>
        <line num="14" count="10" type="stmt"/>
        <line num="15" count="10" type="cond" truecount="2" falsecount="0"/>
        <line num="16" count="1" type="stmt"/>
        <line num="18" count="9" type="stmt"/>
        <line num="19" count="9" type="stmt"/>
        <line num="20" count="9" type="cond" truecount="4" falsecount="0"/>
        <line num="21" count="4" type="stmt"/>
        <line num="24" count="5" type="stmt"/>
        <line num="26" count="5" type="stmt"/>
        <line num="30" count="4" type="stmt"/>
        <line num="32" count="1" type="stmt"/>
        <line num="37" count="4" type="stmt"/>
      </file>
    </package>
    <package name="presentation.errors">
      <metrics statements="14" coveredstatements="14" conditionals="0" coveredconditionals="0" methods="3" coveredmethods="3"/>
      <file name="index.js" path="/home/scaglioni/repos/personal/blog/comments-api/src/presentation/errors/index.js">
        <metrics statements="4" coveredstatements="4" conditionals="0" coveredconditionals="0" methods="0" coveredmethods="0"/>
        <line num="1" count="5" type="stmt"/>
        <line num="2" count="5" type="stmt"/>
        <line num="3" count="5" type="stmt"/>
        <line num="5" count="5" type="stmt"/>
      </file>
      <file name="invalid-param-error.js" path="/home/scaglioni/repos/personal/blog/comments-api/src/presentation/errors/invalid-param-error.js">
        <metrics statements="3" coveredstatements="3" conditionals="0" coveredconditionals="0" methods="1" coveredmethods="1"/>
        <line num="3" count="7" type="stmt"/>
        <line num="4" count="7" type="stmt"/>
        <line num="8" count="5" type="stmt"/>
      </file>
      <file name="missing-param-error.js" path="/home/scaglioni/repos/personal/blog/comments-api/src/presentation/errors/missing-param-error.js">
        <metrics statements="3" coveredstatements="3" conditionals="0" coveredconditionals="0" methods="1" coveredmethods="1"/>
        <line num="3" count="4" type="stmt"/>
        <line num="4" count="4" type="stmt"/>
        <line num="8" count="5" type="stmt"/>
      </file>
      <file name="server-error.js" path="/home/scaglioni/repos/personal/blog/comments-api/src/presentation/errors/server-error.js">
        <metrics statements="4" coveredstatements="4" conditionals="0" coveredconditionals="0" methods="1" coveredmethods="1"/>
        <line num="3" count="2" type="stmt"/>
        <line num="4" count="2" type="stmt"/>
        <line num="5" count="2" type="stmt"/>
        <line num="9" count="5" type="stmt"/>
      </file>
    </package>
    <package name="presentation.helpers.http">
      <metrics statements="5" coveredstatements="5" conditionals="0" coveredconditionals="0" methods="3" coveredmethods="3"/>
      <file name="http-helper.js" path="/home/scaglioni/repos/personal/blog/comments-api/src/presentation/helpers/http/http-helper.js">
        <metrics statements="5" coveredstatements="5" conditionals="0" coveredconditionals="0" methods="3" coveredmethods="3"/>
        <line num="1" count="4" type="stmt"/>
        <line num="3" count="9" type="stmt"/>
        <line num="8" count="4" type="stmt"/>
        <line num="13" count="5" type="stmt"/>
        <line num="18" count="4" type="stmt"/>
      </file>
    </package>
    <package name="validation.validators">
      <metrics statements="8" coveredstatements="8" conditionals="2" coveredconditionals="2" methods="2" coveredmethods="2"/>
      <file name="required-fields-validator.js" path="/home/scaglioni/repos/personal/blog/comments-api/src/validation/validators/required-fields-validator.js">
        <metrics statements="8" coveredstatements="8" conditionals="2" coveredconditionals="2" methods="2" coveredmethods="2"/>
        <line num="1" count="4" type="stmt"/>
        <line num="2" count="4" type="stmt"/>
        <line num="6" count="5" type="stmt"/>
        <line num="7" count="5" type="stmt"/>
        <line num="11" count="4" type="stmt"/>
        <line num="12" count="4" type="cond" truecount="2" falsecount="0"/>
        <line num="13" count="1" type="stmt"/>
        <line num="19" count="4" type="stmt"/>
      </file>
    </package>
  </project>
</coverage>
