{"/home/scaglioni/repos/personal/blog/comments-api/src/data/usecases/add-comment/db-add-comment.js": {"path":"/home/scaglioni/repos/personal/blog/comments-api/src/data/usecases/add-comment/db-add-comment.js","statementMap":{"0":{"start":{"line":1,"column":24},"end":{"line":1,"column":71}},"1":{"start":{"line":5,"column":8},"end":{"line":5,"column":15}},"2":{"start":{"line":6,"column":8},"end":{"line":6,"column":58}},"3":{"start":{"line":10,"column":8},"end":{"line":11,"column":37}},"4":{"start":{"line":15,"column":0},"end":{"line":17,"column":1}}},"fnMap":{"0":{"name":"(anonymous_0)","decl":{"start":{"line":4,"column":4},"end":{"line":4,"column":5}},"loc":{"start":{"line":4,"column":39},"end":{"line":7,"column":5}},"line":4},"1":{"name":"(anonymous_1)","decl":{"start":{"line":9,"column":4},"end":{"line":9,"column":5}},"loc":{"start":{"line":9,"column":36},"end":{"line":12,"column":5}},"line":9}},"branchMap":{},"s":{"0":4,"1":6,"2":6,"3":4,"4":4},"f":{"0":6,"1":4},"b":{},"_coverageSchema":"1a1c01bbd47fc00a2c39e90264f33305004495a9","hash":"bb8262ef7fe7671b06be5cb5985a20023cf79796"}
,"/home/scaglioni/repos/personal/blog/comments-api/src/domain/models/comment-model.js": {"path":"/home/scaglioni/repos/personal/blog/comments-api/src/domain/models/comment-model.js","statementMap":{"0":{"start":{"line":3,"column":8},"end":{"line":3,"column":20}},"1":{"start":{"line":4,"column":8},"end":{"line":4,"column":30}},"2":{"start":{"line":8,"column":0},"end":{"line":10,"column":1}}},"fnMap":{"0":{"name":"(anonymous_0)","decl":{"start":{"line":2,"column":4},"end":{"line":2,"column":5}},"loc":{"start":{"line":2,"column":33},"end":{"line":5,"column":5}},"line":2}},"branchMap":{},"s":{"0":2,"1":2,"2":4},"f":{"0":2},"b":{},"_coverageSchema":"1a1c01bbd47fc00a2c39e90264f33305004495a9","hash":"abb4dcac4841d42acb999769d7e7495afbfa4784"}
,"/home/scaglioni/repos/personal/blog/comments-api/src/infra/db/filedb/comments/comments-repository.js": {"path":"/home/scaglioni/repos/personal/blog/comments-api/src/infra/db/filedb/comments/comments-repository.js","statementMap":{"0":{"start":{"line":1,"column":25},"end":{"line":1,"column":71}},"1":{"start":{"line":2,"column":25},"end":{"line":2,"column":75}},"2":{"start":{"line":3,"column":23},"end":{"line":3,"column":38}},"3":{"start":{"line":7,"column":8},"end":{"line":7,"column":23}},"4":{"start":{"line":11,"column":8},"end":{"line":11,"column":32}},"5":{"start":{"line":15,"column":33},"end":{"line":15,"column":54}},"6":{"start":{"line":16,"column":24},"end":{"line":19,"column":10}},"7":{"start":{"line":20,"column":21},"end":{"line":20,"column":51}},"8":{"start":{"line":21,"column":8},"end":{"line":21,"column":26}},"9":{"start":{"line":22,"column":8},"end":{"line":22,"column":39}},"10":{"start":{"line":23,"column":8},"end":{"line":23,"column":46}},"11":{"start":{"line":24,"column":8},"end":{"line":24,"column":19}},"12":{"start":{"line":28,"column":0},"end":{"line":30,"column":1}}},"fnMap":{"0":{"name":"(anonymous_0)","decl":{"start":{"line":6,"column":4},"end":{"line":6,"column":5}},"loc":{"start":{"line":6,"column":26},"end":{"line":8,"column":5}},"line":6},"1":{"name":"(anonymous_1)","decl":{"start":{"line":10,"column":4},"end":{"line":10,"column":5}},"loc":{"start":{"line":10,"column":21},"end":{"line":12,"column":5}},"line":10},"2":{"name":"(anonymous_2)","decl":{"start":{"line":14,"column":4},"end":{"line":14,"column":5}},"loc":{"start":{"line":14,"column":36},"end":{"line":25,"column":5}},"line":14}},"branchMap":{"0":{"loc":{"start":{"line":20,"column":21},"end":{"line":20,"column":51}},"type":"binary-expr","locations":[{"start":{"line":20,"column":21},"end":{"line":20,"column":45}},{"start":{"line":20,"column":49},"end":{"line":20,"column":51}}],"line":20}},"s":{"0":4,"1":4,"2":4,"3":5,"4":1,"5":2,"6":2,"7":2,"8":2,"9":2,"10":2,"11":2,"12":4},"f":{"0":5,"1":1,"2":2},"b":{"0":[2,1]},"_coverageSchema":"1a1c01bbd47fc00a2c39e90264f33305004495a9","hash":"4c8749b19243695322f1f247e20146d75e8b34fb"}
,"/home/scaglioni/repos/personal/blog/comments-api/src/infra/db/filedb/log/logs-repository.js": {"path":"/home/scaglioni/repos/personal/blog/comments-api/src/infra/db/filedb/log/logs-repository.js","statementMap":{"0":{"start":{"line":1,"column":25},"end":{"line":1,"column":71}},"1":{"start":{"line":5,"column":8},"end":{"line":5,"column":23}},"2":{"start":{"line":9,"column":8},"end":{"line":9,"column":32}},"3":{"start":{"line":13,"column":21},"end":{"line":13,"column":42}},"4":{"start":{"line":14,"column":8},"end":{"line":17,"column":10}},"5":{"start":{"line":18,"column":8},"end":{"line":18,"column":34}},"6":{"start":{"line":22,"column":0},"end":{"line":24,"column":1}}},"fnMap":{"0":{"name":"(anonymous_0)","decl":{"start":{"line":4,"column":4},"end":{"line":4,"column":5}},"loc":{"start":{"line":4,"column":26},"end":{"line":6,"column":5}},"line":4},"1":{"name":"(anonymous_1)","decl":{"start":{"line":8,"column":4},"end":{"line":8,"column":5}},"loc":{"start":{"line":8,"column":21},"end":{"line":10,"column":5}},"line":8},"2":{"name":"(anonymous_2)","decl":{"start":{"line":12,"column":4},"end":{"line":12,"column":5}},"loc":{"start":{"line":12,"column":27},"end":{"line":19,"column":5}},"line":12}},"branchMap":{},"s":{"0":1,"1":2,"2":1,"3":1,"4":1,"5":1,"6":1},"f":{"0":2,"1":1,"2":1},"b":{},"_coverageSchema":"1a1c01bbd47fc00a2c39e90264f33305004495a9","hash":"c8dad644d6d3dd3ed613de1cb60cd1cfc316e9b9"}
,"/home/scaglioni/repos/personal/blog/comments-api/src/infra/db/strategies/context-strategy.js": {"path":"/home/scaglioni/repos/personal/blog/comments-api/src/infra/db/strategies/context-strategy.js","statementMap":{"0":{"start":{"line":1,"column":21},"end":{"line":1,"column":52}},"1":{"start":{"line":5,"column":8},"end":{"line":5,"column":15}},"2":{"start":{"line":6,"column":8},"end":{"line":6,"column":33}},"3":{"start":{"line":10,"column":8},"end":{"line":10,"column":44}},"4":{"start":{"line":14,"column":8},"end":{"line":14,"column":39}},"5":{"start":{"line":18,"column":0},"end":{"line":20,"column":1}}},"fnMap":{"0":{"name":"(anonymous_0)","decl":{"start":{"line":4,"column":4},"end":{"line":4,"column":5}},"loc":{"start":{"line":4,"column":26},"end":{"line":7,"column":5}},"line":4},"1":{"name":"(anonymous_1)","decl":{"start":{"line":9,"column":4},"end":{"line":9,"column":5}},"loc":{"start":{"line":9,"column":26},"end":{"line":11,"column":5}},"line":9},"2":{"name":"(anonymous_2)","decl":{"start":{"line":13,"column":4},"end":{"line":13,"column":5}},"loc":{"start":{"line":13,"column":21},"end":{"line":15,"column":5}},"line":13}},"branchMap":{},"s":{"0":4,"1":8,"2":8,"3":4,"4":2,"5":4},"f":{"0":8,"1":4,"2":2},"b":{},"_coverageSchema":"1a1c01bbd47fc00a2c39e90264f33305004495a9","hash":"9d95b99cf67736f6bc927fc550939e8563b378eb"}
,"/home/scaglioni/repos/personal/blog/comments-api/src/infra/db/strategies/file/file-strategy.js": {"path":"/home/scaglioni/repos/personal/blog/comments-api/src/infra/db/strategies/file/file-strategy.js","statementMap":{"0":{"start":{"line":1,"column":32},"end":{"line":1,"column":54}},"1":{"start":{"line":2,"column":21},"end":{"line":2,"column":55}},"2":{"start":{"line":3,"column":36},"end":{"line":3,"column":71}},"3":{"start":{"line":7,"column":8},"end":{"line":7,"column":15}},"4":{"start":{"line":8,"column":8},"end":{"line":8,"column":32}},"5":{"start":{"line":12,"column":24},"end":{"line":14,"column":9}},"6":{"start":{"line":15,"column":8},"end":{"line":15,"column":22}},"7":{"start":{"line":19,"column":8},"end":{"line":22,"column":9}},"8":{"start":{"line":26,"column":8},"end":{"line":26,"column":44}},"9":{"start":{"line":30,"column":8},"end":{"line":30,"column":44}},"10":{"start":{"line":34,"column":0},"end":{"line":36,"column":1}}},"fnMap":{"0":{"name":"(anonymous_0)","decl":{"start":{"line":6,"column":4},"end":{"line":6,"column":5}},"loc":{"start":{"line":6,"column":27},"end":{"line":9,"column":5}},"line":6},"1":{"name":"(anonymous_1)","decl":{"start":{"line":11,"column":4},"end":{"line":11,"column":5}},"loc":{"start":{"line":11,"column":22},"end":{"line":16,"column":5}},"line":11},"2":{"name":"(anonymous_2)","decl":{"start":{"line":18,"column":4},"end":{"line":18,"column":5}},"loc":{"start":{"line":18,"column":30},"end":{"line":23,"column":5}},"line":18},"3":{"name":"(anonymous_3)","decl":{"start":{"line":25,"column":4},"end":{"line":25,"column":5}},"loc":{"start":{"line":25,"column":36},"end":{"line":27,"column":5}},"line":25},"4":{"name":"(anonymous_4)","decl":{"start":{"line":29,"column":4},"end":{"line":29,"column":5}},"loc":{"start":{"line":29,"column":21},"end":{"line":31,"column":5}},"line":29}},"branchMap":{},"s":{"0":6,"1":6,"2":6,"3":11,"4":11,"5":4,"6":4,"7":4,"8":1,"9":1,"10":6},"f":{"0":11,"1":4,"2":4,"3":1,"4":1},"b":{},"_coverageSchema":"1a1c01bbd47fc00a2c39e90264f33305004495a9","hash":"15e2ba9f0fcad6318ee3c45f73c8e08c7731d0a0"}
,"/home/scaglioni/repos/personal/blog/comments-api/src/presentation/controllers/add-comment/add-comment-controller.js": {"path":"/home/scaglioni/repos/personal/blog/comments-api/src/presentation/controllers/add-comment/add-comment-controller.js","statementMap":{"0":{"start":{"line":1,"column":30},"end":{"line":1,"column":53}},"1":{"start":{"line":2,"column":49},"end":{"line":2,"column":90}},"2":{"start":{"line":3,"column":24},"end":{"line":3,"column":50}},"3":{"start":{"line":7,"column":8},"end":{"line":7,"column":15}},"4":{"start":{"line":8,"column":8},"end":{"line":8,"column":38}},"5":{"start":{"line":9,"column":8},"end":{"line":9,"column":38}},"6":{"start":{"line":13,"column":8},"end":{"line":33,"column":9}},"7":{"start":{"line":14,"column":26},"end":{"line":14,"column":69}},"8":{"start":{"line":15,"column":12},"end":{"line":17,"column":13}},"9":{"start":{"line":16,"column":16},"end":{"line":16,"column":40}},"10":{"start":{"line":18,"column":27},"end":{"line":18,"column":45}},"11":{"start":{"line":19,"column":27},"end":{"line":19,"column":39}},"12":{"start":{"line":20,"column":12},"end":{"line":22,"column":13}},"13":{"start":{"line":21,"column":16},"end":{"line":21,"column":62}},"14":{"start":{"line":24,"column":32},"end":{"line":24,"column":48}},"15":{"start":{"line":26,"column":29},"end":{"line":29,"column":14}},"16":{"start":{"line":30,"column":12},"end":{"line":30,"column":36}},"17":{"start":{"line":32,"column":12},"end":{"line":32,"column":37}},"18":{"start":{"line":37,"column":0},"end":{"line":39,"column":1}}},"fnMap":{"0":{"name":"(anonymous_0)","decl":{"start":{"line":6,"column":4},"end":{"line":6,"column":5}},"loc":{"start":{"line":6,"column":42},"end":{"line":10,"column":5}},"line":6},"1":{"name":"(anonymous_1)","decl":{"start":{"line":12,"column":4},"end":{"line":12,"column":5}},"loc":{"start":{"line":12,"column":31},"end":{"line":34,"column":5}},"line":12}},"branchMap":{"0":{"loc":{"start":{"line":15,"column":12},"end":{"line":17,"column":13}},"type":"if","locations":[{"start":{"line":15,"column":12},"end":{"line":17,"column":13}},{"start":{"line":15,"column":12},"end":{"line":17,"column":13}}],"line":15},"1":{"loc":{"start":{"line":20,"column":12},"end":{"line":22,"column":13}},"type":"if","locations":[{"start":{"line":20,"column":12},"end":{"line":22,"column":13}},{"start":{"line":20,"column":12},"end":{"line":22,"column":13}}],"line":20},"2":{"loc":{"start":{"line":20,"column":16},"end":{"line":20,"column":37}},"type":"binary-expr","locations":[{"start":{"line":20,"column":16},"end":{"line":20,"column":23}},{"start":{"line":20,"column":27},"end":{"line":20,"column":37}}],"line":20}},"s":{"0":4,"1":4,"2":4,"3":11,"4":11,"5":11,"6":10,"7":10,"8":10,"9":1,"10":9,"11":9,"12":9,"13":4,"14":5,"15":5,"16":4,"17":1,"18":4},"f":{"0":11,"1":10},"b":{"0":[1,9],"1":[4,5],"2":[9,6]},"_coverageSchema":"1a1c01bbd47fc00a2c39e90264f33305004495a9","hash":"0a76f5d2f7e1db9d381dd021f42cedc1559ea6fe"}
,"/home/scaglioni/repos/personal/blog/comments-api/src/presentation/errors/index.js": {"path":"/home/scaglioni/repos/personal/blog/comments-api/src/presentation/errors/index.js","statementMap":{"0":{"start":{"line":1,"column":30},"end":{"line":1,"column":62}},"1":{"start":{"line":2,"column":24},"end":{"line":2,"column":49}},"2":{"start":{"line":3,"column":30},"end":{"line":3,"column":62}},"3":{"start":{"line":5,"column":0},"end":{"line":9,"column":1}}},"fnMap":{},"branchMap":{},"s":{"0":5,"1":5,"2":5,"3":5},"f":{},"b":{},"_coverageSchema":"1a1c01bbd47fc00a2c39e90264f33305004495a9","hash":"767db4f41cf79f431cb2d3c1d2b2ebf53532f95a"}
,"/home/scaglioni/repos/personal/blog/comments-api/src/presentation/errors/invalid-param-error.js": {"path":"/home/scaglioni/repos/personal/blog/comments-api/src/presentation/errors/invalid-param-error.js","statementMap":{"0":{"start":{"line":3,"column":8},"end":{"line":3,"column":44}},"1":{"start":{"line":4,"column":8},"end":{"line":4,"column":39}},"2":{"start":{"line":8,"column":0},"end":{"line":10,"column":1}}},"fnMap":{"0":{"name":"(anonymous_0)","decl":{"start":{"line":2,"column":4},"end":{"line":2,"column":5}},"loc":{"start":{"line":2,"column":27},"end":{"line":5,"column":5}},"line":2}},"branchMap":{},"s":{"0":7,"1":7,"2":5},"f":{"0":7},"b":{},"_coverageSchema":"1a1c01bbd47fc00a2c39e90264f33305004495a9","hash":"2f67116e1c9171ea3ce36ec4b6da2d6d8d33a622"}
,"/home/scaglioni/repos/personal/blog/comments-api/src/presentation/errors/missing-param-error.js": {"path":"/home/scaglioni/repos/personal/blog/comments-api/src/presentation/errors/missing-param-error.js","statementMap":{"0":{"start":{"line":3,"column":8},"end":{"line":3,"column":44}},"1":{"start":{"line":4,"column":8},"end":{"line":4,"column":39}},"2":{"start":{"line":8,"column":0},"end":{"line":10,"column":1}}},"fnMap":{"0":{"name":"(anonymous_0)","decl":{"start":{"line":2,"column":4},"end":{"line":2,"column":5}},"loc":{"start":{"line":2,"column":27},"end":{"line":5,"column":5}},"line":2}},"branchMap":{},"s":{"0":4,"1":4,"2":5},"f":{"0":4},"b":{},"_coverageSchema":"1a1c01bbd47fc00a2c39e90264f33305004495a9","hash":"04a99c26e4c1bffcc765c2f7159228d90296ac85"}
,"/home/scaglioni/repos/personal/blog/comments-api/src/presentation/errors/server-error.js": {"path":"/home/scaglioni/repos/personal/blog/comments-api/src/presentation/errors/server-error.js","statementMap":{"0":{"start":{"line":3,"column":8},"end":{"line":3,"column":38}},"1":{"start":{"line":4,"column":8},"end":{"line":4,"column":33}},"2":{"start":{"line":5,"column":8},"end":{"line":5,"column":26}},"3":{"start":{"line":9,"column":0},"end":{"line":11,"column":1}}},"fnMap":{"0":{"name":"(anonymous_0)","decl":{"start":{"line":2,"column":4},"end":{"line":2,"column":5}},"loc":{"start":{"line":2,"column":23},"end":{"line":6,"column":5}},"line":2}},"branchMap":{},"s":{"0":2,"1":2,"2":2,"3":5},"f":{"0":2},"b":{},"_coverageSchema":"1a1c01bbd47fc00a2c39e90264f33305004495a9","hash":"19864e367b7092a34f1d631cf36e5217b42c9a96"}
,"/home/scaglioni/repos/personal/blog/comments-api/src/presentation/helpers/http/http-helper.js": {"path":"/home/scaglioni/repos/personal/blog/comments-api/src/presentation/helpers/http/http-helper.js","statementMap":{"0":{"start":{"line":1,"column":24},"end":{"line":1,"column":47}},"1":{"start":{"line":3,"column":19},"end":{"line":6,"column":2}},"2":{"start":{"line":3,"column":31},"end":{"line":6,"column":1}},"3":{"start":{"line":8,"column":20},"end":{"line":11,"column":2}},"4":{"start":{"line":8,"column":32},"end":{"line":11,"column":1}},"5":{"start":{"line":13,"column":16},"end":{"line":16,"column":2}},"6":{"start":{"line":13,"column":27},"end":{"line":16,"column":1}},"7":{"start":{"line":18,"column":0},"end":{"line":22,"column":1}}},"fnMap":{"0":{"name":"(anonymous_0)","decl":{"start":{"line":3,"column":19},"end":{"line":3,"column":20}},"loc":{"start":{"line":3,"column":31},"end":{"line":6,"column":1}},"line":3},"1":{"name":"(anonymous_1)","decl":{"start":{"line":8,"column":20},"end":{"line":8,"column":21}},"loc":{"start":{"line":8,"column":32},"end":{"line":11,"column":1}},"line":8},"2":{"name":"(anonymous_2)","decl":{"start":{"line":13,"column":16},"end":{"line":13,"column":17}},"loc":{"start":{"line":13,"column":27},"end":{"line":16,"column":1}},"line":13}},"branchMap":{},"s":{"0":4,"1":4,"2":9,"3":4,"4":2,"5":4,"6":5,"7":4},"f":{"0":9,"1":2,"2":5},"b":{},"_coverageSchema":"1a1c01bbd47fc00a2c39e90264f33305004495a9","hash":"c3a6213cb3690e1f044305ff8cc7d538acc40672"}
,"/home/scaglioni/repos/personal/blog/comments-api/src/validation/validators/required-fields-validator.js": {"path":"/home/scaglioni/repos/personal/blog/comments-api/src/validation/validators/required-fields-validator.js","statementMap":{"0":{"start":{"line":1,"column":30},"end":{"line":1,"column":66}},"1":{"start":{"line":2,"column":24},"end":{"line":2,"column":63}},"2":{"start":{"line":6,"column":8},"end":{"line":6,"column":15}},"3":{"start":{"line":7,"column":8},"end":{"line":7,"column":36}},"4":{"start":{"line":11,"column":8},"end":{"line":15,"column":9}},"5":{"start":{"line":12,"column":12},"end":{"line":14,"column":13}},"6":{"start":{"line":13,"column":16},"end":{"line":13,"column":55}},"7":{"start":{"line":19,"column":0},"end":{"line":21,"column":1}}},"fnMap":{"0":{"name":"(anonymous_0)","decl":{"start":{"line":5,"column":4},"end":{"line":5,"column":5}},"loc":{"start":{"line":5,"column":29},"end":{"line":8,"column":5}},"line":5},"1":{"name":"(anonymous_1)","decl":{"start":{"line":10,"column":4},"end":{"line":10,"column":5}},"loc":{"start":{"line":10,"column":21},"end":{"line":16,"column":5}},"line":10}},"branchMap":{"0":{"loc":{"start":{"line":12,"column":12},"end":{"line":14,"column":13}},"type":"if","locations":[{"start":{"line":12,"column":12},"end":{"line":14,"column":13}},{"start":{"line":12,"column":12},"end":{"line":14,"column":13}}],"line":12}},"s":{"0":4,"1":4,"2":5,"3":5,"4":4,"5":4,"6":1,"7":4},"f":{"0":5,"1":4},"b":{"0":[1,3]},"_coverageSchema":"1a1c01bbd47fc00a2c39e90264f33305004495a9","hash":"be9d0042ddf54e1f51244c0691113520fe134364"}
}
